<?xml version="1.0" encoding="utf-8" standalone="no"?>
<!--This file represents the results of running a test suite-->
<test-results name="h:\sllabres\Sllabres.Web.Test\Sllabres.Web.Test.csproj" total="1" errors="0" failures="0" not-run="0" inconclusive="0" ignored="0" skipped="0" invalid="0" date="2012-09-29" time="09:01:22">
  <environment nunit-version="2.6.1.12217" clr-version="2.0.50727.5456" os-version="Microsoft Windows NT 6.1.7601 Service Pack 1" platform="Win32NT" cwd="h:\sllabres" machine-name="LLABRES-01" user="Sebastian" user-domain="Llabres-01" />
  <culture-info current-culture="en-GB" current-uiculture="en-US" />
  <test-suite type="Project" name="h:\sllabres\Sllabres.Web.Test\Sllabres.Web.Test.csproj" executed="True" result="Success" success="True" time="0.060" asserts="0">
    <results>
      <test-suite type="Assembly" name="h:\sllabres\Sllabres.Web.Test\bin\Debug\Sllabres.Web.Test.dll" executed="True" result="Success" success="True" time="0.042" asserts="0">
        <results>
          <test-suite type="Namespace" name="Sllabres" executed="True" result="Success" success="True" time="0.042" asserts="0">
            <results>
              <test-suite type="Namespace" name="Web" executed="True" result="Success" success="True" time="0.041" asserts="0">
                <results>
                  <test-suite type="Namespace" name="Test" executed="True" result="Success" success="True" time="0.041" asserts="0">
                    <results>
                      <test-suite type="TestFixture" name="FirstTest" executed="True" result="Success" success="True" time="0.037" asserts="0">
                        <results>
                          <test-case name="Sllabres.Web.Test.FirstTest.Test" executed="True" result="Success" success="True" time="0.024" asserts="1" />
                        </results>
                      </test-suite>
                    </results>
                  </test-suite>
                </results>
              </test-suite>
            </results>
          </test-suite>
        </results>
      </test-suite>
    </results>
  </test-suite>
</test-results>